c:\users\janivat\downloads\engine_2016_0113 (1)\engine_2016\engine\build\win32\debug\engine.pdb
c:\users\janivat\downloads\engine_2016_0113 (1)\engine_2016\engine\build\win32\debug\engine.idb
c:\users\janivat\downloads\engine_2016_0113 (1)\engine_2016\engine\build\win32\debug\mat4.obj
c:\users\janivat\downloads\engine_2016_0113 (1)\engine_2016\engine\build\win32\debug\quat.obj
c:\users\janivat\downloads\engine_2016_0113 (1)\engine_2016\engine\build\win32\debug\random.obj
c:\users\janivat\downloads\engine_2016_0113 (1)\engine_2016\engine\build\win32\debug\random_util.obj
c:\users\janivat\downloads\engine_2016_0113 (1)\engine_2016\engine\build\win32\debug\runtime_checks.obj
c:\users\janivat\downloads\engine_2016_0113 (1)\engine_2016\engine\build\win32\debug\slmath_lua.obj
c:\users\janivat\downloads\engine_2016_0113 (1)\engine_2016\engine\build\win32\debug\vec2.obj
c:\users\janivat\downloads\engine_2016_0113 (1)\engine_2016\engine\build\win32\debug\vec3.obj
c:\users\janivat\downloads\engine_2016_0113 (1)\engine_2016\engine\build\win32\debug\vec4.obj
c:\users\janivat\downloads\engine_2016_0113 (1)\engine_2016\engine\build\win32\debug\ticpp.obj
c:\users\janivat\downloads\engine_2016_0113 (1)\engine_2016\engine\build\win32\debug\tinystr.obj
c:\users\janivat\downloads\engine_2016_0113 (1)\engine_2016\engine\build\win32\debug\tinyxml.obj
c:\users\janivat\downloads\engine_2016_0113 (1)\engine_2016\engine\build\win32\debug\tinyxmlerror.obj
c:\users\janivat\downloads\engine_2016_0113 (1)\engine_2016\engine\build\win32\debug\tinyxmlparser.obj
c:\users\janivat\downloads\engine_2016_0113 (1)\engine_2016\engine\build\win32\debug\es_util_win32.obj
c:\users\janivat\downloads\engine_2016_0113 (1)\engine_2016\engine\build\win32\debug\frmnoise_platform.obj
c:\users\janivat\downloads\engine_2016_0113 (1)\engine_2016\engine\build\win32\debug\frmplatform.obj
c:\users\janivat\downloads\engine_2016_0113 (1)\engine_2016\engine\build\win32\debug\frmstdlib_platform.obj
c:\users\janivat\downloads\engine_2016_0113 (1)\engine_2016\engine\build\win32\debug\frmutils_platform.obj
c:\users\janivat\downloads\engine_2016_0113 (1)\engine_2016\engine\build\win32\debug\input_win32.obj
c:\users\janivat\downloads\engine_2016_0113 (1)\engine_2016\engine\build\win32\debug\memorymanager.obj
c:\users\janivat\downloads\engine_2016_0113 (1)\engine_2016\engine\build\win32\debug\object.obj
c:\users\janivat\downloads\engine_2016_0113 (1)\engine_2016\engine\build\win32\debug\propertyset.obj
c:\users\janivat\downloads\engine_2016_0113 (1)\engine_2016\engine\build\win32\debug\allocator.obj
c:\users\janivat\downloads\engine_2016_0113 (1)\engine_2016\engine\build\win32\debug\assert.obj
c:\users\janivat\downloads\engine_2016_0113 (1)\engine_2016\engine\build\win32\debug\fixed_pool.obj
c:\users\janivat\downloads\engine_2016_0113 (1)\engine_2016\engine\build\win32\debug\hashtable.obj
c:\users\janivat\downloads\engine_2016_0113 (1)\engine_2016\engine\build\win32\debug\red_black_tree.obj
c:\users\janivat\downloads\engine_2016_0113 (1)\engine_2016\engine\build\win32\debug\string.obj
c:\users\janivat\downloads\engine_2016_0113 (1)\engine_2016\engine\build\win32\debug\es_util.obj
c:\users\janivat\downloads\engine_2016_0113 (1)\engine_2016\engine\build\win32\debug\frminput.obj
c:\users\janivat\downloads\engine_2016_0113 (1)\engine_2016\engine\build\win32\debug\frmresourcegles.obj
c:\users\janivat\downloads\engine_2016_0113 (1)\engine_2016\engine\build\win32\debug\frmshader.obj
c:\users\janivat\downloads\engine_2016_0113 (1)\engine_2016\engine\build\win32\debug\frmutils.obj
c:\users\janivat\downloads\engine_2016_0113 (1)\engine_2016\engine\build\win32\debug\frmutilsgles.obj
c:\users\janivat\downloads\engine_2016_0113 (1)\engine_2016\engine\build\win32\debug\spritebatch.obj
c:\users\janivat\downloads\engine_2016_0113 (1)\engine_2016\engine\build\win32\debug\texture.obj
c:\users\janivat\downloads\engine_2016_0113 (1)\engine_2016\engine\build\win32\debug\entity.obj
c:\users\janivat\downloads\engine_2016_0113 (1)\engine_2016\engine\build\win32\debug\float_util.obj
c:\users\janivat\downloads\engine_2016_0113 (1)\engine_2016\engine\build\win32\debug\intersect_util.obj
c:\users\janivat\downloads\engine_2016_0113 (1)\engine_2016\engine\build\win32\debug\animationtimeline.obj
c:\users\janivat\downloads\engine_2016_0113 (1)\engine_2016\engine\build\win32\debug\elapsedtimer.obj
c:\users\janivat\downloads\engine_2016_0113 (1)\engine_2016\engine\build\win32\debug\filestream.obj
c:\users\janivat\downloads\engine_2016_0113 (1)\engine_2016\engine\build\win32\debug\log.obj
c:\users\janivat\downloads\engine_2016_0113 (1)\engine_2016\engine\build\win32\debug\liolib.obj
c:\users\janivat\downloads\engine_2016_0113 (1)\engine_2016\engine\build\win32\debug\llex.obj
c:\users\janivat\downloads\engine_2016_0113 (1)\engine_2016\engine\build\win32\debug\lmathlib.obj
c:\users\janivat\downloads\engine_2016_0113 (1)\engine_2016\engine\build\win32\debug\lmem.obj
c:\users\janivat\downloads\engine_2016_0113 (1)\engine_2016\engine\build\win32\debug\loadlib.obj
c:\users\janivat\downloads\engine_2016_0113 (1)\engine_2016\engine\build\win32\debug\lobject.obj
c:\users\janivat\downloads\engine_2016_0113 (1)\engine_2016\engine\build\win32\debug\lopcodes.obj
c:\users\janivat\downloads\engine_2016_0113 (1)\engine_2016\engine\build\win32\debug\loslib.obj
c:\users\janivat\downloads\engine_2016_0113 (1)\engine_2016\engine\build\win32\debug\lparser.obj
c:\users\janivat\downloads\engine_2016_0113 (1)\engine_2016\engine\build\win32\debug\lstate.obj
c:\users\janivat\downloads\engine_2016_0113 (1)\engine_2016\engine\build\win32\debug\lstring.obj
c:\users\janivat\downloads\engine_2016_0113 (1)\engine_2016\engine\build\win32\debug\lstrlib.obj
c:\users\janivat\downloads\engine_2016_0113 (1)\engine_2016\engine\build\win32\debug\ltable.obj
c:\users\janivat\downloads\engine_2016_0113 (1)\engine_2016\engine\build\win32\debug\ltablib.obj
c:\users\janivat\downloads\engine_2016_0113 (1)\engine_2016\engine\build\win32\debug\ltm.obj
c:\users\janivat\downloads\engine_2016_0113 (1)\engine_2016\engine\build\win32\debug\lua.obj
c:\users\janivat\downloads\engine_2016_0113 (1)\engine_2016\engine\build\win32\debug\luac.obj
c:\users\janivat\downloads\engine_2016_0113 (1)\engine_2016\engine\build\win32\debug\lundump.obj
c:\users\janivat\downloads\engine_2016_0113 (1)\engine_2016\engine\build\win32\debug\lvm.obj
c:\users\janivat\downloads\engine_2016_0113 (1)\engine_2016\engine\build\win32\debug\lzio.obj
c:\users\janivat\downloads\engine_2016_0113 (1)\engine_2016\engine\build\win32\debug\lapi.obj
c:\users\janivat\downloads\engine_2016_0113 (1)\engine_2016\engine\build\win32\debug\lauxlib.obj
c:\users\janivat\downloads\engine_2016_0113 (1)\engine_2016\engine\build\win32\debug\lbaselib.obj
c:\users\janivat\downloads\engine_2016_0113 (1)\engine_2016\engine\build\win32\debug\lbitlib.obj
c:\users\janivat\downloads\engine_2016_0113 (1)\engine_2016\engine\build\win32\debug\lcode.obj
c:\users\janivat\downloads\engine_2016_0113 (1)\engine_2016\engine\build\win32\debug\lcorolib.obj
c:\users\janivat\downloads\engine_2016_0113 (1)\engine_2016\engine\build\win32\debug\lctype.obj
c:\users\janivat\downloads\engine_2016_0113 (1)\engine_2016\engine\build\win32\debug\ldblib.obj
c:\users\janivat\downloads\engine_2016_0113 (1)\engine_2016\engine\build\win32\debug\ldebug.obj
c:\users\janivat\downloads\engine_2016_0113 (1)\engine_2016\engine\build\win32\debug\ldo.obj
c:\users\janivat\downloads\engine_2016_0113 (1)\engine_2016\engine\build\win32\debug\ldump.obj
c:\users\janivat\downloads\engine_2016_0113 (1)\engine_2016\engine\build\win32\debug\lfunc.obj
c:\users\janivat\downloads\engine_2016_0113 (1)\engine_2016\engine\build\win32\debug\lgc.obj
c:\users\janivat\downloads\engine_2016_0113 (1)\engine_2016\engine\build\win32\debug\linit.obj
c:\users\janivat\downloads\engine_2016_0113 (1)\engine_2016\engine\build\win32\debug\engine.lib
c:\users\janivat\downloads\engine_2016_0113 (1)\engine_2016\engine\build\win32\debug\simplegraphicstest.ilk
c:\users\janivat\downloads\engine_2016_0113 (1)\engine_2016\engine\build\win32\debug\simplegraphicstest.pdb
c:\users\janivat\downloads\engine_2016_0113 (1)\engine_2016\engine\build\win32\debug\engine.tlog\cl.command.1.tlog
c:\users\janivat\downloads\engine_2016_0113 (1)\engine_2016\engine\build\win32\debug\engine.tlog\cl.read.1.tlog
c:\users\janivat\downloads\engine_2016_0113 (1)\engine_2016\engine\build\win32\debug\engine.tlog\cl.write.1.tlog
c:\users\janivat\downloads\engine_2016_0113 (1)\engine_2016\engine\build\win32\debug\engine.tlog\lib-link.read.1.tlog
c:\users\janivat\downloads\engine_2016_0113 (1)\engine_2016\engine\build\win32\debug\engine.tlog\lib-link.write.1.tlog
c:\users\janivat\downloads\engine_2016_0113 (1)\engine_2016\engine\build\win32\debug\engine.tlog\lib.command.1.tlog
